<?xml version="1.0" encoding="UTF-8"?>
<!-- Generated by org.testng.reporters.JUnitXMLReporter -->
<testsuite ignored="0" hostname="DESKTOP-64117D5" failures="0" tests="3" name="Default test" time="355.711" errors="0" timestamp="2024-11-18T20:43:30 IST">
  <testcase classname="org.SkyappzDigitalmarketing.utils.SkyappzDigitalmarketing" name="runFirefoxTests" time="126.961"/>
  <testcase classname="org.SkyappzDigitalmarketing.utils.SkyappzDigitalmarketing" name="runChromeTests" time="101.511"/>
  <testcase classname="org.SkyappzDigitalmarketing.utils.SkyappzDigitalmarketing" name="runEdgeTests" time="125.91"/>
</testsuite> <!-- Default test -->
